0 info it worked if it ends with ok
1 verbose cli [ 'C:\\Program Files\\nodejs\\node.exe',
1 verbose cli   'C:\\Users\\pk534gz\\AppData\\Roaming\\npm\\node_modules\\npm\\bin\\npm-cli.js',
1 verbose cli   'start' ]
2 info using npm@3.10.10
3 info using node@v11.6.0
4 verbose run-script [ 'prestart', 'start', 'poststart' ]
5 info lifecycle roserocketserver@0.0.0~prestart: roserocketserver@0.0.0
6 silly lifecycle roserocketserver@0.0.0~prestart: no script for prestart, continuing
7 info lifecycle roserocketserver@0.0.0~start: roserocketserver@0.0.0
8 verbose lifecycle roserocketserver@0.0.0~start: unsafe-perm in lifecycle true
9 verbose lifecycle roserocketserver@0.0.0~start: PATH: C:\Users\pk534gz\AppData\Roaming\npm\node_modules\npm\bin\node-gyp-bin;C:\Users\pk534gz\Desktop\Node\roserocket\roserocketserver\node_modules\.bin;C:\Program Files (x86)\Common Files\Oracle\Java\javapath;C:\ProgramData\Oracle\Java\javapath;C:\WINDOWS\system32;C:\WINDOWS;C:\WINDOWS\System32\Wbem;C:\WINDOWS\System32\WindowsPowerShell\v1.0\;C:\Program Files\Intel\WiFi\bin\;C:\Program Files\Common Files\Intel\WirelessCommon\;c:\Program Files (x86)\Microsoft SQL Server\100\Tools\Binn\;c:\Program Files\Microsoft SQL Server\100\Tools\Binn\;c:\Program Files\Microsoft SQL Server\100\DTS\Binn\;c:\Program Files (x86)\Microsoft SQL Server\100\Tools\Binn\VSShell\Common7\IDE\;c:\Program Files (x86)\Microsoft SQL Server\100\DTS\Binn\;C:\Program Files\Microsoft SQL Server\Client SDK\ODBC\110\Tools\Binn\;C:\Program Files (x86)\Microsoft SQL Server\120\Tools\Binn\;C:\Program Files\Microsoft SQL Server\120\Tools\Binn\;C:\Program Files\Microsoft SQL Server\120\DTS\Binn\;C:\Program Files (x86)\Common Files\Hitachi ID\;C:\Program Files\Common Files\Hitachi ID\;C:\Program Files\nodejs\;C:\Users\pk534gz\AppData\Local\Programs\Python\Python37-32\Scripts\;C:\Users\pk534gz\AppData\Local\Programs\Python\Python37-32\;C:\Users\pk534gz\AppData\Local\Microsoft\WindowsApps;C:\Users\pk534gz\AppData\Roaming\npm;C:\Users\pk534gz\AppData\Local\Programs\Git\cmd
10 verbose lifecycle roserocketserver@0.0.0~start: CWD: C:\Users\pk534gz\Desktop\Node\roserocket\roserocketserver
11 silly lifecycle roserocketserver@0.0.0~start: Args: [ '/d /s /c', 'node ./bin/www' ]
12 silly lifecycle roserocketserver@0.0.0~start: Returned: code: 3221225786  signal: null
13 info lifecycle roserocketserver@0.0.0~start: Failed to exec start script
14 verbose stack Error: roserocketserver@0.0.0 start: `node ./bin/www`
14 verbose stack Exit status 3221225786
14 verbose stack     at EventEmitter.<anonymous> (C:\Users\pk534gz\AppData\Roaming\npm\node_modules\npm\lib\utils\lifecycle.js:255:16)
14 verbose stack     at EventEmitter.emit (events.js:188:13)
14 verbose stack     at ChildProcess.<anonymous> (C:\Users\pk534gz\AppData\Roaming\npm\node_modules\npm\lib\utils\spawn.js:40:14)
14 verbose stack     at ChildProcess.emit (events.js:188:13)
14 verbose stack     at maybeClose (internal/child_process.js:978:16)
14 verbose stack     at Process.ChildProcess._handle.onexit (internal/child_process.js:265:5)
15 verbose pkgid roserocketserver@0.0.0
16 verbose cwd C:\Users\pk534gz\Desktop\Node\roserocket\roserocketserver
17 error Windows_NT 10.0.16299
18 error argv "C:\\Program Files\\nodejs\\node.exe" "C:\\Users\\pk534gz\\AppData\\Roaming\\npm\\node_modules\\npm\\bin\\npm-cli.js" "start"
19 error node v11.6.0
20 error npm  v3.10.10
21 error code ELIFECYCLE
22 error roserocketserver@0.0.0 start: `node ./bin/www`
22 error Exit status 3221225786
23 error Failed at the roserocketserver@0.0.0 start script 'node ./bin/www'.
23 error Make sure you have the latest version of node.js and npm installed.
23 error If you do, this is most likely a problem with the roserocketserver package,
23 error not with npm itself.
23 error Tell the author that this fails on your system:
23 error     node ./bin/www
23 error You can get information on how to open an issue for this project with:
23 error     npm bugs roserocketserver
23 error Or if that isn't available, you can get their info via:
23 error     npm owner ls roserocketserver
23 error There is likely additional logging output above.
24 verbose exit [ 1, true ]
